	at MC-BOOTSTRAP/fml_loader@4.0.42/net.neoforged.fml.loading.targets.CommonLaunchHandler.runTarget(CommonLaunchHandler.java:136) ~[loader-4.0.42.jar%23100!/:4.0] {}
	at MC-BOOTSTRAP/fml_loader@4.0.42/net.neoforged.fml.loading.targets.CommonLaunchHandler.clientService(CommonLaunchHandler.java:124) ~[loader-4.0.42.jar%23100!/:4.0] {}
	at MC-BOOTSTRAP/fml_loader@4.0.42/net.neoforged.fml.loading.targets.CommonClientLaunchHandler.runService(CommonClientLaunchHandler.java:32) ~[loader-4.0.42.jar%23100!/:4.0] {}
	at MC-BOOTSTRAP/fml_loader@4.0.42/net.neoforged.fml.loading.targets.CommonLaunchHandler.lambda$launchService$4(CommonLaunchHandler.java:118) ~[loader-4.0.42.jar%23100!/:4.0] {}
	at MC-BOOTSTRAP/cpw.mods.modlauncher@11.0.5/cpw.mods.modlauncher.LaunchServiceHandlerDecorator.launch(LaunchServiceHandlerDecorator.java:30) [modlauncher-11.0.5.jar%23105!/:?] {}
	at MC-BOOTSTRAP/cpw.mods.modlauncher@11.0.5/cpw.mods.modlauncher.LaunchServiceHandler.launch(LaunchServiceHandler.java:53) [modlauncher-11.0.5.jar%23105!/:?] {}
	at MC-BOOTSTRAP/cpw.mods.modlauncher@11.0.5/cpw.mods.modlauncher.LaunchServiceHandler.launch(LaunchServiceHandler.java:71) [modlauncher-11.0.5.jar%23105!/:?] {}
	at MC-BOOTSTRAP/cpw.mods.modlauncher@11.0.5/cpw.mods.modlauncher.Launcher.run(Launcher.java:103) [modlauncher-11.0.5.jar%23105!/:?] {}
	at MC-BOOTSTRAP/cpw.mods.modlauncher@11.0.5/cpw.mods.modlauncher.Launcher.main(Launcher.java:74) [modlauncher-11.0.5.jar%23105!/:?] {}
	at MC-BOOTSTRAP/cpw.mods.modlauncher@11.0.5/cpw.mods.modlauncher.BootstrapLaunchConsumer.accept(BootstrapLaunchConsumer.java:26) [modlauncher-11.0.5.jar%23105!/:?] {}
	at MC-BOOTSTRAP/cpw.mods.modlauncher@11.0.5/cpw.mods.modlauncher.BootstrapLaunchConsumer.accept(BootstrapLaunchConsumer.java:23) [modlauncher-11.0.5.jar%23105!/:?] {}
	at cpw.mods.bootstraplauncher@2.0.2/cpw.mods.bootstraplauncher.BootstrapLauncher.run(BootstrapLauncher.java:210) [bootstraplauncher-2.0.2.jar:?] {}
	at cpw.mods.bootstraplauncher@2.0.2/cpw.mods.bootstraplauncher.BootstrapLauncher.main(BootstrapLauncher.java:69) [bootstraplauncher-2.0.2.jar:?] {}


-- Last reload --
Details:
	Reload number: 1
	Reload reason: initial
	Finished: Yes
	Packs: vanilla, mod_resources, mod/piranport, mod/neoforge

-- System Details --
Details:
	Minecraft Version: 1.21.1
	Minecraft Version ID: 1.21.1
	Operating System: Mac OS X (aarch64) version 26.3.1
	Java Version: 21, Azul Systems, Inc.
	Java VM Version: OpenJDK 64-Bit Server VM (mixed mode, sharing), Azul Systems, Inc.
	Memory: 776362096 bytes (740 MiB) / 1442840576 bytes (1376 MiB) up to 6442450944 bytes (6144 MiB)
	CPUs: 8
	Processor Vendor: Apple Inc.
	Processor Name: Apple M2
	Identifier: Apple Inc. Family 0xda33d83d Model 0 Stepping 0
	Microarchitecture: ARM64 SoC: Avalanche + Blizzard
	Frequency (GHz): 3.50
	Number of physical packages: 1
	Number of physical CPUs: 8
	Number of logical CPUs: 8
	Graphics card #0 name: Apple M2
	Graphics card #0 vendor: Apple (0x106b)
	Graphics card #0 VRAM (MiB): 0.00
	Graphics card #0 deviceId: unknown
	Graphics card #0 versionInfo: unknown
	Memory slot #0 capacity (MiB): 0.00
	Memory slot #0 clockSpeed (GHz): 0.00
	Memory slot #0 type: unknown
	Virtual memory max (MiB): 27648.00
	Virtual memory used (MiB): 18752.75
	Swap memory total (MiB): 3072.00
	Swap memory used (MiB): 1722.94
	Space in storage for jna.tmpdir (MiB): available: 17248.79, total: 948584.19
	Space in storage for org.lwjgl.system.SharedLibraryExtractPath (MiB): available: 17248.79, total: 948584.19
	Space in storage for io.netty.native.workdir (MiB): available: 17248.79, total: 948584.19
	Space in storage for java.io.tmpdir (MiB): available: 17248.79, total: 948584.19
	Space in storage for workdir (MiB): available: 17248.79, total: 948584.19
	JVM Flags: 18 total; -Xmx6144m -XX:+UnlockExperimentalVMOptions -XX:+UnlockDiagnosticVMOptions -XX:+UseG1GC -XX:G1MixedGCCountTarget=5 -XX:G1NewSizePercent=20 -XX:G1ReservePercent=20 -XX:MaxGCPauseMillis=50 -XX:G1HeapRegionSize=32m -XX:-OmitStackTraceInFastThrow -XX:-DontCompileHugeMethods -XX:MaxNodeLimit=240000 -XX:NodeLimitFudgeFactor=8000 -XX:TieredCompileTaskTimeout=10000 -XX:ReservedCodeCacheSize=400M -XX:NonNMethodCodeHeapSize=12M -XX:ProfiledCodeHeapSize=194M -XX:NmethodSweepActivity=1
	Launched Version: 皮兰港实验
	Launcher name: HMCL
	Backend library: LWJGL version 3.3.3+5
	Backend API: Apple M2 GL version 4.1 Metal - 90.5, Apple
	Window size: 2880x1800
	GFLW Platform: cocoa
	GL Caps: Using framebuffer using OpenGL 3.2
	GL debug messages: <disabled>
	Is Modded: Definitely; Client brand changed to 'neoforge'
	Universe: 400921fb54442d18
	Type: Client (map_client.txt)
	GPU Warnings: version: Metal
	Graphics mode: fancy
	Render Distance: 12/12 chunks
	Resource Packs: vanilla, mod_resources, mod/piranport, mod/neoforge
	Current Language: zh_cn
	Locale: zh_CN_#Hans
	System encoding: UTF-8
	File encoding: UTF-8
	CPU: 8x Apple M2
	ModLauncher: 11.0.5+main.901c6ea8
	ModLauncher launch target: forgeclient
	ModLauncher services: 
		sponge-mixin-0.15.2+mixin.0.8.7.jar mixin PLUGINSERVICE 
		loader-4.0.42.jar slf4jfixer PLUGINSERVICE 
		loader-4.0.42.jar runtime_enum_extender PLUGINSERVICE 
		at-modlauncher-10.0.1.jar accesstransformer PLUGINSERVICE 
		loader-4.0.42.jar runtimedistcleaner PLUGINSERVICE 
		modlauncher-11.0.5.jar mixin TRANSFORMATIONSERVICE 
		modlauncher-11.0.5.jar fml TRANSFORMATIONSERVICE 
	FML Language Providers: 
		javafml@4.0
		lowcodefml@4.0
		minecraft@4.0
	Mod List: 
		client-1.21.1-20240808.144430-srg.jar             |Minecraft                     |minecraft                     |1.21.1              |Manifest: a1:d4:5e:04:4f:d3:d6:e0:7b:37:97:cf:77:b0:de:ad:4a:47:ce:8c:96:49:5f:0a:cf:8c:ae:b2:6d:4b:8a:3f
		neoforge-21.1.221-universal.jar                   |NeoForge                      |neoforge                      |21.1.221            |Manifest: NOSIGNATURE
		piranport-0.0.1_副本.jar                            |Piran Port                    |piranport                     |0.0.1               |Manifest: NOSIGNATURE
	Crash Report UUID: cb71d3be-85a0-4e83-9525-95252663be35
	FML: 4.0.42
	NeoForge: 21.1.221
[13:00:10] [Render thread/FATAL] [ne.ne.ne.co.NeoForgeMod/]: Preparing crash report with UUID 4518d23b-f4e6-43a6-99dc-b5a721d31435
#@!@# Game crashed! Crash report saved to: #@!@# /Users/lianran/Library/Application Support/minecraft/versions/皮兰港实验/crash-reports/crash-2026-03-24_13.00.10-client.txt